<?xml version="1.0" encoding="UTF-8"?>
<!-- Generated by org.testng.reporters.JUnitReportReporter -->
<testsuite hostname="DESKTOP-5CPAH1B" failures="0" tests="1" name="com.testscenarios.NewTestApple" time="36.086" errors="0" timestamp="2022-03-25T07:56:47 IST" skipped="0">
  <testcase classname="com.testscenarios.NewTestApple" name="f" time="36.086"/>
  <system-out/>
</testsuite> <!-- com.testscenarios.NewTestApple -->
