<?xml version="1.0" encoding="UTF-8"?>
<!-- Generated by org.testng.reporters.JUnitReportReporter -->
<testsuite hostname="DESKTOP-5CPAH1B" failures="0" tests="1" name="com.testscenarios.PopupHandling" time="4.822" errors="0" timestamp="2022-04-07T07:30:40 IST" skipped="0">
  <testcase classname="com.testscenarios.PopupHandling" name="f" time="4.822"/>
  <system-out/>
</testsuite> <!-- com.testscenarios.PopupHandling -->
