<?xml version="1.0" encoding="UTF-8"?>
<!-- Generated by org.testng.reporters.JUnitReportReporter -->
<testsuite hostname="DESKTOP-5CPAH1B" failures="0" tests="1" name="com.testscenarios.FaceBookLogin" time="6.553" errors="0" timestamp="2022-03-23T07:36:11 IST" skipped="0">
  <testcase classname="com.testscenarios.FaceBookLogin" name="f" time="6.553"/>
  <system-out/>
</testsuite> <!-- com.testscenarios.FaceBookLogin -->
