<?xml version="1.0" encoding="UTF-8"?>
<!-- Generated by org.testng.reporters.JUnitReportReporter -->
<testsuite hostname="DESKTOP-5CPAH1B" failures="0" tests="1" name="com.testscenarios.ErrorMessage_Assignment" time="10.491" errors="0" timestamp="2022-03-16T07:47:14 IST" skipped="0">
  <testcase classname="com.testscenarios.ErrorMessage_Assignment" name="sap" time="10.491"/>
  <system-out/>
</testsuite> <!-- com.testscenarios.ErrorMessage_Assignment -->
