<?xml version="1.0" encoding="UTF-8"?>
<!-- Generated by org.testng.reporters.JUnitReportReporter -->
<testsuite hostname="DESKTOP-5CPAH1B" failures="0" tests="1" name="com.testscenarios.Read_the_data_from_Excel" time="8.847" errors="0" timestamp="2022-03-25T07:09:01 IST" skipped="0">
  <testcase classname="com.testscenarios.Read_the_data_from_Excel" name="f" time="8.847"/>
  <system-out/>
</testsuite> <!-- com.testscenarios.Read_the_data_from_Excel -->
