<?xml version="1.0" encoding="UTF-8"?>
<!-- Generated by org.testng.reporters.JUnitReportReporter -->
<testsuite hostname="DESKTOP-5CPAH1B" failures="0" tests="1" name="com.testscenarios.FB_Retesting" time="44.580" errors="0" timestamp="2022-03-24T07:49:44 IST" skipped="0">
  <testcase classname="com.testscenarios.FB_Retesting" name="f" time="44.580"/>
  <system-out/>
</testsuite> <!-- com.testscenarios.FB_Retesting -->
