<?xml version="1.0" encoding="UTF-8"?>
<!-- Generated by org.testng.reporters.JUnitReportReporter -->
<testsuite hostname="MUNNA" failures="0" tests="1" name="com.jri.test.Tc_001" time="63.507" errors="0" timestamp="2022-06-13T20:14:10 EDT" skipped="0">
  <testcase classname="com.jri.test.Tc_001" name="testName" time="63.507"/>
  <system-out/>
</testsuite> <!-- com.jri.test.Tc_001 -->
