<?xml version="1.0" encoding="UTF-8"?>
<!-- Generated by org.testng.reporters.JUnitReportReporter -->
<testsuite hostname="DESKTOP-5CPAH1B" failures="0" tests="1" name="com.testscenarios.BlazedemoValidation" time="18.027" errors="0" timestamp="2022-03-15T07:11:56 IST" skipped="0">
  <testcase classname="com.testscenarios.BlazedemoValidation" name="test" time="18.027"/>
  <system-out/>
</testsuite> <!-- com.testscenarios.BlazedemoValidation -->
