<?xml version="1.0" encoding="UTF-8"?>
<!-- Generated by org.testng.reporters.JUnitReportReporter -->
<testsuite hostname="DESKTOP-5CPAH1B" failures="0" tests="1" name="com.testscenarios.ActionsSample" time="31.695" errors="0" timestamp="2022-04-06T07:49:41 IST" skipped="0">
  <testcase classname="com.testscenarios.ActionsSample" name="f" time="31.695"/>
  <system-out/>
</testsuite> <!-- com.testscenarios.ActionsSample -->
