<?xml version="1.0" encoding="UTF-8"?>
<!-- Generated by org.testng.reporters.JUnitReportReporter -->
<testsuite hostname="DESKTOP-5CPAH1B" failures="0" tests="1" name="com.testscenarios.TabMove" time="7.507" errors="0" timestamp="2022-04-07T07:48:25 IST" skipped="0">
  <testcase classname="com.testscenarios.TabMove" name="f" time="7.507"/>
  <system-out/>
</testsuite> <!-- com.testscenarios.TabMove -->
