<?xml version="1.0" encoding="UTF-8"?>
<!-- Generated by org.testng.reporters.JUnitReportReporter -->
<testsuite hostname="DESKTOP-5CPAH1B" failures="0" tests="1" name="com.testscenarios.iFramesSample" time="71.288" errors="0" timestamp="2022-04-13T21:23:57 CDT" skipped="0">
  <testcase classname="com.testscenarios.iFramesSample" name="test123" time="71.288"/>
  <system-out/>
</testsuite> <!-- com.testscenarios.iFramesSample -->
