<?xml version="1.0" encoding="UTF-8"?>
<!-- Generated by org.testng.reporters.JUnitReportReporter -->
<testsuite hostname="DESKTOP-5CPAH1B" failures="0" tests="1" name="com.testscenarios.BlazeDemo" time="56.430" errors="0" timestamp="2022-03-21T08:18:51 IST" skipped="0">
  <testcase classname="com.testscenarios.BlazeDemo" name="testBlazeDemo" time="56.430"/>
  <system-out/>
</testsuite> <!-- com.testscenarios.BlazeDemo -->
