<?xml version="1.0" encoding="UTF-8"?>
<!-- Generated by org.testng.reporters.JUnitReportReporter -->
<testsuite hostname="DESKTOP-5CPAH1B" failures="0" tests="1" name="com.testscenarios.AlertHandle" time="20.146" errors="0" timestamp="2022-03-16T07:47:14 IST" skipped="0">
  <testcase classname="com.testscenarios.AlertHandle" name="f" time="20.146"/>
  <system-out/>
</testsuite> <!-- com.testscenarios.AlertHandle -->
